# JRE version: OpenJDK Runtime Environment (8.0_92-b15) (build 1.8.0_92-b15)
# Java VM: OpenJDK 64-Bit Server VM (25.92-b15 mixed mode linux-amd64 compressed oops)
Heap:
 PSYoungGen      total 806400K, used 250119K [0x000000076cb00000, 0x00000007c0000000, 0x00000007c0000000)
  eden space 455680K, 0% used [0x000000076cb00000,0x000000076cb00000,0x0000000788800000)
  from space 350720K, 71% used [0x00000007aa980000,0x00000007b9dc1e90,0x00000007c0000000)
  to   space 454656K, 0% used [0x0000000788800000,0x0000000788800000,0x00000007a4400000)
 ParOldGen       total 1333760K, used 1333668K [0x00000006c6000000, 0x0000000717680000, 0x000000076cb00000)
  object space 1333760K, 99% used [0x00000006c6000000,0x0000000717669338,0x0000000717680000)
 Metaspace       used 31008K, capacity 31442K, committed 31872K, reserved 1077248K
  class space    used 3789K, capacity 3902K, committed 3968K, reserved 1048576K
GC Heap History (10 events):
Event: 124.228 GC heap after
Heap after GC invocations=41 (full 11):
 PSYoungGen      total 881152K, used 155491K [0x000000076cb00000, 0x00000007bf400000, 0x00000007c0000000)
  eden space 635392K, 0% used [0x000000076cb00000,0x000000076cb00000,0x0000000793780000)
  from space 245760K, 63% used [0x0000000793780000,0x000000079cf58f50,0x00000007a2780000)
  to   space 328704K, 0% used [0x00000007ab300000,0x00000007ab300000,0x00000007bf400000)
 ParOldGen       total 1041920K, used 803547K [0x00000006c6000000, 0x0000000705980000, 0x000000076cb00000)
  object space 1041920K, 77% used [0x00000006c6000000,0x00000006f70b6f70,0x0000000705980000)
 Metaspace       used 31006K, capacity 31442K, committed 31872K, reserved 1077248K
  class space    used 3789K, capacity 3902K, committed 3968K, reserved 1048576K
}
Event: 125.445 GC heap before
{Heap before GC invocations=42 (full 11):
 PSYoungGen      total 881152K, used 790883K [0x000000076cb00000, 0x00000007bf400000, 0x00000007c0000000)
  eden space 635392K, 100% used [0x000000076cb00000,0x0000000793780000,0x0000000793780000)
  from space 245760K, 63% used [0x0000000793780000,0x000000079cf58f50,0x00000007a2780000)
  to   space 328704K, 0% used [0x00000007ab300000,0x00000007ab300000,0x00000007bf400000)
 ParOldGen       total 1041920K, used 803547K [0x00000006c6000000, 0x0000000705980000, 0x000000076cb00000)
  object space 1041920K, 77% used [0x00000006c6000000,0x00000006f70b6f70,0x0000000705980000)
 Metaspace       used 31006K, capacity 31442K, committed 31872K, reserved 1077248K
  class space    used 3789K, capacity 3902K, committed 3968K, reserved 1048576K
Event: 131.936 GC heap after
Heap after GC invocations=42 (full 11):
 PSYoungGen      total 1014272K, used 198718K [0x000000076cb00000, 0x00000007c0000000, 0x00000007c0000000)
  eden space 685568K, 0% used [0x000000076cb00000,0x000000076cb00000,0x0000000796880000)
  from space 328704K, 60% used [0x00000007ab300000,0x00000007b750f8f8,0x00000007bf400000)
  to   space 338432K, 0% used [0x0000000796880000,0x0000000796880000,0x00000007ab300000)
 ParOldGen       total 1041920K, used 959731K [0x00000006c6000000, 0x0000000705980000, 0x000000076cb00000)
  object space 1041920K, 92% used [0x00000006c6000000,0x000000070093cf70,0x0000000705980000)
 Metaspace       used 31006K, capacity 31442K, committed 31872K, reserved 1077248K
  class space    used 3789K, capacity 3902K, committed 3968K, reserved 1048576K
}
Event: 131.962 GC heap before
{Heap before GC invocations=43 (full 12):
 PSYoungGen      total 1014272K, used 198718K [0x000000076cb00000, 0x00000007c0000000, 0x00000007c0000000)
  eden space 685568K, 0% used [0x000000076cb00000,0x000000076cb00000,0x0000000796880000)
  from space 328704K, 60% used [0x00000007ab300000,0x00000007b750f8f8,0x00000007bf400000)
  to   space 338432K, 0% used [0x0000000796880000,0x0000000796880000,0x00000007ab300000)
 ParOldGen       total 1041920K, used 959731K [0x00000006c6000000, 0x0000000705980000, 0x000000076cb00000)
  object space 1041920K, 92% used [0x00000006c6000000,0x000000070093cf70,0x0000000705980000)
 Metaspace       used 31006K, capacity 31442K, committed 31872K, reserved 1077248K
  class space    used 3789K, capacity 3902K, committed 3968K, reserved 1048576K
Event: 140.935 GC heap after
Heap after GC invocations=43 (full 12):
 PSYoungGen      total 1014272K, used 114541K [0x000000076cb00000, 0x00000007c0000000, 0x00000007c0000000)
  eden space 685568K, 0% used [0x000000076cb00000,0x000000076cb00000,0x0000000796880000)
  from space 328704K, 34% used [0x00000007ab300000,0x00000007b22db6a0,0x00000007bf400000)
  to   space 338432K, 0% used [0x0000000796880000,0x0000000796880000,0x00000007ab300000)
 ParOldGen       total 1333760K, used 1041520K [0x00000006c6000000, 0x0000000717680000, 0x000000076cb00000)
  object space 1333760K, 78% used [0x00000006c6000000,0x000000070591c238,0x0000000717680000)
 Metaspace       used 31006K, capacity 31442K, committed 31872K, reserved 1077248K
  class space    used 3789K, capacity 3902K, committed 3968K, reserved 1048576K
}
Event: 141.867 GC heap before
{Heap before GC invocations=44 (full 12):
 PSYoungGen      total 1014272K, used 800109K [0x000000076cb00000, 0x00000007c0000000, 0x00000007c0000000)
  eden space 685568K, 100% used [0x000000076cb00000,0x0000000796880000,0x0000000796880000)
  from space 328704K, 34% used [0x00000007ab300000,0x00000007b22db6a0,0x00000007bf400000)
  to   space 338432K, 0% used [0x0000000796880000,0x0000000796880000,0x00000007ab300000)
 ParOldGen       total 1333760K, used 1041520K [0x00000006c6000000, 0x0000000717680000, 0x000000076cb00000)
  object space 1333760K, 78% used [0x00000006c6000000,0x000000070591c238,0x0000000717680000)
 Metaspace       used 31006K, capacity 31442K, committed 31872K, reserved 1077248K
  class space    used 3789K, capacity 3902K, committed 3968K, reserved 1048576K
Event: 142.681 GC heap after
Heap after GC invocations=44 (full 12):
 PSYoungGen      total 1014272K, used 328672K [0x000000076cb00000, 0x00000007c0000000, 0x00000007c0000000)
  eden space 685568K, 0% used [0x000000076cb00000,0x000000076cb00000,0x0000000796880000)
  from space 328704K, 99% used [0x0000000796880000,0x00000007aa978000,0x00000007aa980000)
  to   space 350720K, 0% used [0x00000007aa980000,0x00000007aa980000,0x00000007c0000000)
 ParOldGen       total 1333760K, used 1041520K [0x00000006c6000000, 0x0000000717680000, 0x000000076cb00000)
  object space 1333760K, 78% used [0x00000006c6000000,0x000000070591c238,0x0000000717680000)
 Metaspace       used 31006K, capacity 31442K, committed 31872K, reserved 1077248K
  class space    used 3789K, capacity 3902K, committed 3968K, reserved 1048576K
}
Event: 143.620 GC heap before
{Heap before GC invocations=45 (full 12):
 PSYoungGen      total 1014272K, used 1014240K [0x000000076cb00000, 0x00000007c0000000, 0x00000007c0000000)
  eden space 685568K, 100% used [0x000000076cb00000,0x0000000796880000,0x0000000796880000)
  from space 328704K, 99% used [0x0000000796880000,0x00000007aa978000,0x00000007aa980000)
  to   space 350720K, 0% used [0x00000007aa980000,0x00000007aa980000,0x00000007c0000000)
 ParOldGen       total 1333760K, used 1041520K [0x00000006c6000000, 0x0000000717680000, 0x000000076cb00000)
  object space 1333760K, 78% used [0x00000006c6000000,0x000000070591c238,0x0000000717680000)
 Metaspace       used 31008K, capacity 31442K, committed 31872K, reserved 1077248K
  class space    used 3789K, capacity 3902K, committed 3968K, reserved 1048576K
Event: 151.345 GC heap after
Heap after GC invocations=45 (full 12):
 PSYoungGen      total 806400K, used 350717K [0x000000076cb00000, 0x00000007c0000000, 0x00000007c0000000)
  eden space 455680K, 0% used [0x000000076cb00000,0x000000076cb00000,0x0000000788800000)
  from space 350720K, 99% used [0x00000007aa980000,0x00000007bffff568,0x00000007c0000000)
  to   space 454656K, 0% used [0x0000000788800000,0x0000000788800000,0x00000007a4400000)
 ParOldGen       total 1333760K, used 1236384K [0x00000006c6000000, 0x0000000717680000, 0x000000076cb00000)
  object space 1333760K, 92% used [0x00000006c6000000,0x0000000711768238,0x0000000717680000)
 Metaspace       used 31008K, capacity 31442K, committed 31872K, reserved 1077248K
  class space    used 3789K, capacity 3902K, committed 3968K, reserved 1048576K
}
Event: 151.351 GC heap before
{Heap before GC invocations=46 (full 13):
 PSYoungGen      total 806400K, used 350717K [0x000000076cb00000, 0x00000007c0000000, 0x00000007c0000000)
  eden space 455680K, 0% used [0x000000076cb00000,0x000000076cb00000,0x0000000788800000)
  from space 350720K, 99% used [0x00000007aa980000,0x00000007bffff568,0x00000007c0000000)
  to   space 454656K, 0% used [0x0000000788800000,0x0000000788800000,0x00000007a4400000)
 ParOldGen       total 1333760K, used 1236384K [0x00000006c6000000, 0x0000000717680000, 0x000000076cb00000)
  object space 1333760K, 92% used [0x00000006c6000000,0x0000000711768238,0x0000000717680000)
 Metaspace       used 31008K, capacity 31442K, committed 31872K, reserved 1077248K
  class space    used 3789K, capacity 3902K, committed 3968K, reserved 1048576K

