# JRE version: OpenJDK Runtime Environment (8.0_92-b15) (build 1.8.0_92-b15)
# Java VM: OpenJDK 64-Bit Server VM (25.92-b15 mixed mode linux-amd64 compressed oops)
Heap:
 PSYoungGen      total 1247232K, used 97370K [0x000000076cb00000, 0x00000007c0000000, 0x00000007c0000000)
  eden space 1177600K, 8% used [0x000000076cb00000,0x0000000772a16828,0x00000007b4900000)
  from space 69632K, 0% used [0x00000007b4900000,0x00000007b4900000,0x00000007b8d00000)
  to   space 72704K, 0% used [0x00000007bb900000,0x00000007bb900000,0x00000007c0000000)
 ParOldGen       total 1068032K, used 1068027K [0x00000006c6000000, 0x0000000707300000, 0x000000076cb00000)
  object space 1068032K, 99% used [0x00000006c6000000,0x00000007072fef58,0x0000000707300000)
 Metaspace       used 34003K, capacity 34476K, committed 34944K, reserved 1079296K
  class space    used 4065K, capacity 4201K, committed 4224K, reserved 1048576K
GC Heap History (10 events):
Event: 142.054 GC heap after
Heap after GC invocations=56 (full 8):
 PSYoungGen      total 1247232K, used 1210766K [0x000000076cb00000, 0x00000007c0000000, 0x00000007c0000000)
  eden space 1177600K, 100% used [0x000000076cb00000,0x00000007b4900000,0x00000007b4900000)
  from space 69632K, 47% used [0x00000007b4900000,0x00000007b6963b30,0x00000007b8d00000)
  to   space 72704K, 99% used [0x00000007bb900000,0x00000007bfff89b8,0x00000007c0000000)
 ParOldGen       total 379392K, used 378997K [0x00000006c6000000, 0x00000006dd280000, 0x000000076cb00000)
  object space 379392K, 99% used [0x00000006c6000000,0x00000006dd21d4c0,0x00000006dd280000)
 Metaspace       used 33996K, capacity 34476K, committed 34944K, reserved 1079296K
  class space    used 4065K, capacity 4201K, committed 4224K, reserved 1048576K
}
Event: 142.077 GC heap before
{Heap before GC invocations=57 (full 9):
 PSYoungGen      total 1247232K, used 1210766K [0x000000076cb00000, 0x00000007c0000000, 0x00000007c0000000)
  eden space 1177600K, 100% used [0x000000076cb00000,0x00000007b4900000,0x00000007b4900000)
  from space 69632K, 47% used [0x00000007b4900000,0x00000007b6963b30,0x00000007b8d00000)
  to   space 72704K, 99% used [0x00000007bb900000,0x00000007bfff89b8,0x00000007c0000000)
 ParOldGen       total 379392K, used 378997K [0x00000006c6000000, 0x00000006dd280000, 0x000000076cb00000)
  object space 379392K, 99% used [0x00000006c6000000,0x00000006dd21d4c0,0x00000006dd280000)
 Metaspace       used 33996K, capacity 34476K, committed 34944K, reserved 1079296K
  class space    used 4065K, capacity 4201K, committed 4224K, reserved 1048576K
Event: 146.241 GC heap after
Heap after GC invocations=57 (full 9):
 PSYoungGen      total 1247232K, used 93473K [0x000000076cb00000, 0x00000007c0000000, 0x00000007c0000000)
  eden space 1177600K, 7% used [0x000000076cb00000,0x00000007726486f0,0x00000007b4900000)
  from space 69632K, 0% used [0x00000007b4900000,0x00000007b4900000,0x00000007b8d00000)
  to   space 72704K, 0% used [0x00000007bb900000,0x00000007bb900000,0x00000007c0000000)
 ParOldGen       total 500224K, used 379338K [0x00000006c6000000, 0x00000006e4880000, 0x000000076cb00000)
  object space 500224K, 75% used [0x00000006c6000000,0x00000006dd272a98,0x00000006e4880000)
 Metaspace       used 33996K, capacity 34476K, committed 34944K, reserved 1079296K
  class space    used 4065K, capacity 4201K, committed 4224K, reserved 1048576K
}
Event: 147.619 GC heap before
{Heap before GC invocations=58 (full 9):
 PSYoungGen      total 1247232K, used 1177600K [0x000000076cb00000, 0x00000007c0000000, 0x00000007c0000000)
  eden space 1177600K, 100% used [0x000000076cb00000,0x00000007b4900000,0x00000007b4900000)
  from space 69632K, 0% used [0x00000007b4900000,0x00000007b4900000,0x00000007b8d00000)
  to   space 72704K, 0% used [0x00000007bb900000,0x00000007bb900000,0x00000007c0000000)
 ParOldGen       total 500224K, used 379338K [0x00000006c6000000, 0x00000006e4880000, 0x000000076cb00000)
  object space 500224K, 75% used [0x00000006c6000000,0x00000006dd272a98,0x00000006e4880000)
 Metaspace       used 33998K, capacity 34476K, committed 34944K, reserved 1079296K
  class space    used 4065K, capacity 4201K, committed 4224K, reserved 1048576K
Event: 159.409 GC heap after
Heap after GC invocations=58 (full 9):
 PSYoungGen      total 1247232K, used 1177600K [0x000000076cb00000, 0x00000007c0000000, 0x00000007c0000000)
  eden space 1177600K, 100% used [0x000000076cb00000,0x00000007b4900000,0x00000007b4900000)
  from space 69632K, 0% used [0x00000007b4900000,0x00000007b4900000,0x00000007b8d00000)
  to   space 72704K, 99% used [0x00000007bb900000,0x00000007bfffffe8,0x00000007c0000000)
 ParOldGen       total 725504K, used 724570K [0x00000006c6000000, 0x00000006f2480000, 0x000000076cb00000)
  object space 725504K, 99% used [0x00000006c6000000,0x00000006f2396a98,0x00000006f2480000)
 Metaspace       used 33998K, capacity 34476K, committed 34944K, reserved 1079296K
  class space    used 4065K, capacity 4201K, committed 4224K, reserved 1048576K
}
Event: 159.423 GC heap before
{Heap before GC invocations=59 (full 10):
 PSYoungGen      total 1247232K, used 1177600K [0x000000076cb00000, 0x00000007c0000000, 0x00000007c0000000)
  eden space 1177600K, 100% used [0x000000076cb00000,0x00000007b4900000,0x00000007b4900000)
  from space 69632K, 0% used [0x00000007b4900000,0x00000007b4900000,0x00000007b8d00000)
  to   space 72704K, 99% used [0x00000007bb900000,0x00000007bfffffe8,0x00000007c0000000)
 ParOldGen       total 725504K, used 724570K [0x00000006c6000000, 0x00000006f2480000, 0x000000076cb00000)
  object space 725504K, 99% used [0x00000006c6000000,0x00000006f2396a98,0x00000006f2480000)
 Metaspace       used 33998K, capacity 34476K, committed 34944K, reserved 1079296K
  class space    used 4065K, capacity 4201K, committed 4224K, reserved 1048576K
Event: 168.590 GC heap after
Heap after GC invocations=59 (full 10):
 PSYoungGen      total 1247232K, used 84508K [0x000000076cb00000, 0x00000007c0000000, 0x00000007c0000000)
  eden space 1177600K, 7% used [0x000000076cb00000,0x0000000771d873d8,0x00000007b4900000)
  from space 69632K, 0% used [0x00000007b4900000,0x00000007b4900000,0x00000007b8d00000)
  to   space 72704K, 0% used [0x00000007bb900000,0x00000007bb900000,0x00000007c0000000)
 ParOldGen       total 854528K, used 725412K [0x00000006c6000000, 0x00000006fa280000, 0x000000076cb00000)
  object space 854528K, 84% used [0x00000006c6000000,0x00000006f24691d8,0x00000006fa280000)
 Metaspace       used 33998K, capacity 34476K, committed 34944K, reserved 1079296K
  class space    used 4065K, capacity 4201K, committed 4224K, reserved 1048576K
}
Event: 173.026 GC heap before
{Heap before GC invocations=60 (full 10):
 PSYoungGen      total 1247232K, used 1177600K [0x000000076cb00000, 0x00000007c0000000, 0x00000007c0000000)
  eden space 1177600K, 100% used [0x000000076cb00000,0x00000007b4900000,0x00000007b4900000)
  from space 69632K, 0% used [0x00000007b4900000,0x00000007b4900000,0x00000007b8d00000)
  to   space 72704K, 0% used [0x00000007bb900000,0x00000007bb900000,0x00000007c0000000)
 ParOldGen       total 854528K, used 774630K [0x00000006c6000000, 0x00000006fa280000, 0x000000076cb00000)
  object space 854528K, 90% used [0x00000006c6000000,0x00000006f54799e8,0x00000006fa280000)
 Metaspace       used 34003K, capacity 34476K, committed 34944K, reserved 1079296K
  class space    used 4065K, capacity 4201K, committed 4224K, reserved 1048576K
Event: 248.434 GC heap after
Heap after GC invocations=60 (full 10):
 PSYoungGen      total 1247232K, used 1177600K [0x000000076cb00000, 0x00000007c0000000, 0x00000007c0000000)
  eden space 1177600K, 100% used [0x000000076cb00000,0x00000007b4900000,0x00000007b4900000)
  from space 69632K, 0% used [0x00000007b4900000,0x00000007b4900000,0x00000007b8d00000)
  to   space 72704K, 99% used [0x00000007bb900000,0x00000007bfffbd98,0x00000007c0000000)
 ParOldGen       total 1068032K, used 1067662K [0x00000006c6000000, 0x0000000707300000, 0x000000076cb00000)
  object space 1068032K, 99% used [0x00000006c6000000,0x00000007072a39e8,0x0000000707300000)
 Metaspace       used 34003K, capacity 34476K, committed 34944K, reserved 1079296K
  class space    used 4065K, capacity 4201K, committed 4224K, reserved 1048576K
}
Event: 248.442 GC heap before
{Heap before GC invocations=61 (full 11):
 PSYoungGen      total 1247232K, used 1177600K [0x000000076cb00000, 0x00000007c0000000, 0x00000007c0000000)
  eden space 1177600K, 100% used [0x000000076cb00000,0x00000007b4900000,0x00000007b4900000)
  from space 69632K, 0% used [0x00000007b4900000,0x00000007b4900000,0x00000007b8d00000)
  to   space 72704K, 99% used [0x00000007bb900000,0x00000007bfffbd98,0x00000007c0000000)
 ParOldGen       total 1068032K, used 1067662K [0x00000006c6000000, 0x0000000707300000, 0x000000076cb00000)
  object space 1068032K, 99% used [0x00000006c6000000,0x00000007072a39e8,0x0000000707300000)
 Metaspace       used 34003K, capacity 34476K, committed 34944K, reserved 1079296K
  class space    used 4065K, capacity 4201K, committed 4224K, reserved 1048576K

